<?xml version="1.0" encoding="UTF-8"?>
<!-- Generated by org.testng.reporters.JUnitXMLReporter -->
<testsuite hostname="ip-172-31-69-69" ignored="0" name="Test" tests="1" failures="1" timestamp="2021-06-26T06:58:13 UTC" time="0.031" errors="0">
  <testcase name="LoginTestcase" time="0.0" classname="test.LoginTest">
    <failure type="org.testng.TestNGException" message="
Parameter &amp;apos;username&amp;apos; is required by @Test on method LoginTestcase but has not been marked @Optional or defined
in /home/mgayathricse91g/eclipse-workspace/Simplilearn_Maven/testng.xml">
      <![CDATA[org.testng.TestNGException: 
Parameter 'username' is required by @Test on method LoginTestcase but has not been marked @Optional or defined
in /home/mgayathricse91g/eclipse-workspace/Simplilearn_Maven/testng.xml
at java.util.ArrayList.forEach(ArrayList.java:1259)
... Removed 26 stack frames]]>
    </failure>
  </testcase> <!-- LoginTestcase -->
</testsuite> <!-- Test -->
